<?xml version="1.0" encoding="UTF-8" ?>
<testsuite 
errors="0" failures="0" hostname="sam-XPS-15-9550" name="controllers.ProblemReportsControllerSpec" tests="10" time="0.807" timestamp="2017-04-10T13:51:51">
  <properties>
    <property name="jline.esc.timeout" value="0"> </property>
    <property name="java.runtime.name" value="Java(TM) SE Runtime Environment">
    </property>
    <property 
    name="sun.boot.library.path" value="/usr/lib/jvm/java-8-oracle/jre/lib/amd64">
</property>
    <property name="java.vm.version" value="25.101-b13"> </property>
    <property name="java.vm.vendor" value="Oracle Corporation"> </property>
    <property name="java.vendor.url" value="http://java.oracle.com/">
    </property>
    <property name="path.separator" value=":"> </property>
    <property name="java.vm.name" value="Java HotSpot(TM) 64-Bit Server VM">
    </property>
    <property name="file.encoding.pkg" value="sun.io"> </property>
    <property name="user.country" value="GB"> </property>
    <property name="sun.java.launcher" value="SUN_STANDARD"> </property>
    <property name="sun.os.patch.level" value="unknown"> </property>
    <property 
    name="java.vm.specification.name" value="Java Virtual Machine Specification">
</property>
    <property 
    name="user.dir" value="/home/sam/Applications/hmrc-development-environment/hmrc/ddct/bta/contact-frontend">
</property>
    <property name="java.runtime.version" value="1.8.0_101-b13"> </property>
    <property 
    name="java.awt.graphicsenv" value="sun.awt.X11GraphicsEnvironment">
</property>
    <property 
    name="java.endorsed.dirs" value="/usr/lib/jvm/java-8-oracle/jre/lib/endorsed">
</property>
    <property name="os.arch" value="amd64"> </property>
    <property name="java.io.tmpdir" value="/tmp"> </property>
    <property name="line.separator" value=" "> </property>
    <property name="java.vm.specification.vendor" value="Oracle Corporation">
    </property>
    <property name="os.name" value="Linux"> </property>
    <property name="sun.jnu.encoding" value="UTF-8"> </property>
    <property 
    name="java.library.path" value="/usr/java/packages/lib/amd64:/usr/lib64:/lib64:/lib:/usr/lib">
</property>
    <property 
    name="java.specification.name" value="Java Platform API Specification">
</property>
    <property name="java.class.version" value="52.0"> </property>
    <property 
    name="sun.management.compiler" value="HotSpot 64-Bit Tiered Compilers">
</property>
    <property name="os.version" value="4.4.0-72-generic"> </property>
    <property name="user.home" value="/home/sam"> </property>
    <property name="user.timezone" value="Europe/London"> </property>
    <property name="java.awt.printerjob" value="sun.print.PSPrinterJob">
    </property>
    <property name="file.encoding" value="UTF-8"> </property>
    <property name="java.specification.version" value="1.8"> </property>
    <property name="user.name" value="sam"> </property>
    <property 
    name="java.class.path" value="/usr/share/sbt-launcher-packaging/bin/sbt-launch.jar">
</property>
    <property name="jline.shutdownhook" value="false"> </property>
    <property name="java.vm.specification.version" value="1.8"> </property>
    <property name="sun.arch.data.model" value="64"> </property>
    <property name="java.home" value="/usr/lib/jvm/java-8-oracle/jre">
    </property>
    <property 
    name="sun.java.command" value="/usr/share/sbt-launcher-packaging/bin/sbt-launch.jar clean test">
</property>
    <property name="java.specification.vendor" value="Oracle Corporation">
    </property>
    <property name="user.language" value="en"> </property>
    <property name="awt.toolkit" value="sun.awt.X11.XToolkit"> </property>
    <property name="java.vm.info" value="mixed mode"> </property>
    <property name="java.version" value="1.8.0_101"> </property>
    <property 
    name="java.ext.dirs" value="/usr/lib/jvm/java-8-oracle/jre/lib/ext:/usr/java/packages/lib/ext">
</property>
    <property 
    name="sun.boot.class.path" value="/usr/lib/jvm/java-8-oracle/jre/lib/resources.jar:/usr/lib/jvm/java-8-oracle/jre/lib/rt.jar:/usr/lib/jvm/java-8-oracle/jre/lib/sunrsasign.jar:/usr/lib/jvm/java-8-oracle/jre/lib/jsse.jar:/usr/lib/jvm/java-8-oracle/jre/lib/jce.jar:/usr/lib/jvm/java-8-oracle/jre/lib/charsets.jar:/usr/lib/jvm/java-8-oracle/jre/lib/jfr.jar:/usr/lib/jvm/java-8-oracle/jre/classes">
</property>
    <property name="java.vendor" value="Oracle Corporation"> </property>
    <property name="file.separator" value="/"> </property>
    <property 
    name="java.vendor.url.bug" value="http://bugreport.sun.com/bugreport/">
</property>
    <property name="sun.cpu.endian" value="little"> </property>
    <property name="sun.io.unicode.encoding" value="UnicodeLittle"> </property>
    <property name="sun.desktop" value="gnome"> </property>
    <property name="sun.cpu.isalist" value=""> </property>
  </properties>
  <testcase 
  name="Reporting a problem should return 200 and a valid html page for a valid request and js is not enabled for an unauthenticated user" classname="controllers.ProblemReportsControllerSpec" time="0.439">
</testcase>
  <testcase 
  name="Reporting a problem should return 200 and a valid html page for a valid request and js is not enabled for an authenticated user" classname="controllers.ProblemReportsControllerSpec" time="0.016">
</testcase>
  <testcase 
  name="Reporting a problem should return 200 and a valid json for a valid request and js is enabled" classname="controllers.ProblemReportsControllerSpec" time="0.171">
</testcase>
  <testcase 
  name="Reporting a problem should return 200 and a valid html page for invalid input and js is not enabled" classname="controllers.ProblemReportsControllerSpec" time="0.015">
</testcase>
  <testcase 
  name="Reporting a problem should return 400 and a valid json for invalid input and js is enabled" classname="controllers.ProblemReportsControllerSpec" time="0.005">
</testcase>
  <testcase 
  name="Reporting a problem should fail if the email has invalid syntax (for DeskPRO)" classname="controllers.ProblemReportsControllerSpec" time="0.007">
</testcase>
  <testcase 
  name="Reporting a problem should fail if the name has invalid characters - Javascript disabled" classname="controllers.ProblemReportsControllerSpec" time="0.009">
</testcase>
  <testcase 
  name="Reporting a problem should Return error page if the Deskpro ticket creation fails - Javascript disabled" classname="controllers.ProblemReportsControllerSpec" time="0.01">
</testcase>
  <testcase 
  name="Reporting a problem should render the thank you message given" classname="controllers.ProblemReportsControllerSpec" time="0.008">
</testcase>
  <testcase 
  name="Reporting a problem should render the default thank you message if one is not provided" classname="controllers.ProblemReportsControllerSpec" time="0.009">
</testcase>
  <system-out><![CDATA[]]></system-out>
  <system-err><![CDATA[]]></system-err>
</testsuite>
